<?xml version="1.0" encoding="UTF-8"?>
<!-- Generated by org.testng.reporters.JUnitReportReporter -->
<testsuite skipped="0" hostname="DINESHSHANMUGAM" name="org.testnG.C" tests="3" failures="0" timestamp="27 Sep 2022 18:43:29 GMT" time="0.113" errors="0">
  <testcase name="test1" time="0.051" classname="org.testnG.C"/>
  <testcase name="test3" time="0.015" classname="org.testnG.C"/>
  <testcase name="test2" time="0.047" classname="org.testnG.C"/>
</testsuite> <!-- org.testnG.C -->
