<?xml version="1.0" encoding="UTF-8"?>
<!-- Generated by org.testng.reporters.JUnitReportReporter -->
<testsuite skipped="0" hostname="DINESHSHANMUGAM" name="org.groups.GroupsProg" tests="5" failures="0" timestamp="01 Oct 2022 05:02:19 GMT" time="0.032" errors="0">
  <testcase name="test2" time="0.016" classname="org.groups.GroupsProg"/>
  <testcase name="test3" time="0.000" classname="org.groups.GroupsProg"/>
  <testcase name="test1" time="0.000" classname="org.groups.GroupsProg"/>
  <testcase name="test5" time="0.016" classname="org.groups.GroupsProg"/>
  <testcase name="test4" time="0.000" classname="org.groups.GroupsProg"/>
</testsuite> <!-- org.groups.GroupsProg -->
