<?xml version="1.0" encoding="UTF-8"?>
<!-- Generated by org.testng.reporters.JUnitReportReporter -->
<testsuite skipped="0" hostname="DINESHSHANMUGAM" name="org.dataprovider.DataProgram" tests="1" failures="0" timestamp="30 Sep 2022 19:05:33 GMT" time="23.027" errors="0">
  <testcase name="test1" time="23.027" classname="org.dataprovider.DataProgram"/>
</testsuite> <!-- org.dataprovider.DataProgram -->
