<?xml version="1.0" encoding="UTF-8"?>
<!-- Generated by org.testng.reporters.JUnitReportReporter -->
<testsuite skipped="0" hostname="DINESHSHANMUGAM" name="org.testnG.D" tests="3" failures="0" timestamp="27 Sep 2022 18:50:07 GMT" time="0.031" errors="0">
  <testcase name="test5" time="0.015" classname="org.testnG.D"/>
  <testcase name="test4" time="0.000" classname="org.testnG.D"/>
  <testcase name="test6" time="0.016" classname="org.testnG.D"/>
</testsuite> <!-- org.testnG.D -->
