<?xml version="1.0" encoding="UTF-8"?>
<!-- Generated by org.testng.reporters.JUnitReportReporter -->
<testsuite skipped="0" hostname="DINESHSHANMUGAM" name="org.testnG.A" tests="1" failures="0" timestamp="27 Sep 2022 18:21:14 GMT" time="0.015" errors="0">
  <testcase name="test10" time="0.015" classname="org.testnG.A"/>
</testsuite> <!-- org.testnG.A -->
