<?xml version="1.0" encoding="UTF-8"?>
<!-- Generated by org.testng.reporters.JUnitReportReporter -->
<testsuite skipped="0" hostname="DINESHSHANMUGAM" name="org.parallel.A" tests="3" failures="0" timestamp="30 Sep 2022 19:58:36 GMT" time="197.859" errors="0">
  <testcase name="test2" time="66.741" classname="org.parallel.A"/>
  <testcase name="test3" time="64.105" classname="org.parallel.A"/>
  <testcase name="test1" time="67.013" classname="org.parallel.A"/>
</testsuite> <!-- org.parallel.A -->
