<?xml version="1.0" encoding="UTF-8"?>
<!-- Generated by org.testng.reporters.JUnitReportReporter -->
<testsuite skipped="0" hostname="DINESHSHANMUGAM" name="org.dataprovider.DataPro" tests="3" failures="0" timestamp="28 Sep 2022 19:00:19 GMT" time="41.782" errors="0">
  <testcase name="test1" time="13.200" classname="org.dataprovider.DataPro"/>
  <testcase name="test1" time="16.419" classname="org.dataprovider.DataPro"/>
  <testcase name="test1" time="12.163" classname="org.dataprovider.DataPro"/>
</testsuite> <!-- org.dataprovider.DataPro -->
