<?xml version="1.0" encoding="UTF-8"?>
<!-- Generated by org.testng.reporters.JUnitReportReporter -->
<testsuite skipped="1" hostname="DINESHSHANMUGAM" name="org.dataprovider.DataProvider" tests="1" failures="0" timestamp="28 Sep 2022 18:27:43 GMT" time="0.000" errors="0">
  <testcase name="test1" time="0.000" classname="org.dataprovider.DataProvider">
    <skipped/>
  </testcase> <!-- test1 -->
</testsuite> <!-- org.dataprovider.DataProvider -->
