<?xml version="1.0" encoding="UTF-8"?>
<!-- Generated by org.testng.reporters.JUnitReportReporter -->
<testsuite skipped="0" hostname="DINESHSHANMUGAM" name="org.parameter.ParameterProg" tests="1" failures="0" timestamp="30 Sep 2022 20:01:58 GMT" time="18.849" errors="0">
  <testcase name="logintest" time="18.849" classname="org.parameter.ParameterProg"/>
</testsuite> <!-- org.parameter.ParameterProg -->
