<?xml version="1.0" encoding="UTF-8"?>
<!-- Generated by org.testng.reporters.JUnitReportReporter -->
<testsuite skipped="0" hostname="DINESHSHANMUGAM" name="org.groupssss.C" tests="3" failures="0" timestamp="01 Oct 2022 05:07:59 GMT" time="0.110" errors="0">
  <testcase name="test1" time="0.016" classname="org.groupssss.C"/>
  <testcase name="test2" time="0.031" classname="org.groupssss.C"/>
  <testcase name="test3" time="0.063" classname="org.groupssss.C"/>
</testsuite> <!-- org.groupssss.C -->
