<?xml version="1.0" encoding="UTF-8"?>
<!-- Generated by org.testng.reporters.JUnitReportReporter -->
<testsuite skipped="0" hostname="DINESHSHANMUGAM" name="org.testnG.B" tests="2" failures="0" timestamp="30 Sep 2022 19:56:06 GMT" time="0.015" errors="0">
  <testcase name="c" time="0.000" classname="org.testnG.B"/>
  <testcase name="a" time="0.015" classname="org.testnG.B"/>
</testsuite> <!-- org.testnG.B -->
